2025-12-11 16:47:28,327 - WARNING - Ärquivo .env não encontrado em: D:\DADOS_RFB\DADOS_RFB\code\.env
2025-12-11 16:47:28,328 - INFO - Diretório criado: D:\DADOS_RFB\output
2025-12-11 16:47:28,328 - INFO - Diretório criado: D:\DADOS_RFB\estracted
2025-12-11 16:47:28,328 - INFO - Iniciando processo de carga de dados da RFB
2025-12-11 16:47:28,329 - INFO - Obtendo lista de arquivos...
2025-12-11 16:47:28,955 - INFO - Arquivo encontrato: Cnaes.zip
2025-12-11 16:47:28,956 - INFO - Arquivo encontrato: Empresas0.zip
2025-12-11 16:47:28,956 - INFO - Arquivo encontrato: Empresas1.zip
2025-12-11 16:47:28,956 - INFO - Arquivo encontrato: Empresas2.zip
2025-12-11 16:47:28,956 - INFO - Arquivo encontrato: Empresas3.zip
2025-12-11 16:47:28,956 - INFO - Arquivo encontrato: Empresas4.zip
2025-12-11 16:47:28,956 - INFO - Arquivo encontrato: Empresas5.zip
2025-12-11 16:47:28,957 - INFO - Arquivo encontrato: Empresas6.zip
2025-12-11 16:47:28,957 - INFO - Arquivo encontrato: Empresas7.zip
2025-12-11 16:47:28,957 - INFO - Arquivo encontrato: Empresas8.zip
2025-12-11 16:47:28,957 - INFO - Arquivo encontrato: Empresas9.zip
2025-12-11 16:47:28,957 - INFO - Arquivo encontrato: Estabelecimentos0.zip
2025-12-11 16:47:28,957 - INFO - Arquivo encontrato: Estabelecimentos1.zip
2025-12-11 16:47:28,957 - INFO - Arquivo encontrato: Estabelecimentos2.zip
2025-12-11 16:47:28,957 - INFO - Arquivo encontrato: Estabelecimentos3.zip
2025-12-11 16:47:28,957 - INFO - Arquivo encontrato: Estabelecimentos4.zip
2025-12-11 16:47:28,957 - INFO - Arquivo encontrato: Estabelecimentos5.zip
2025-12-11 16:47:28,957 - INFO - Arquivo encontrato: Estabelecimentos6.zip
2025-12-11 16:47:28,957 - INFO - Arquivo encontrato: Estabelecimentos7.zip
2025-12-11 16:47:28,957 - INFO - Arquivo encontrato: Estabelecimentos8.zip
2025-12-11 16:47:28,957 - INFO - Arquivo encontrato: Estabelecimentos9.zip
2025-12-11 16:47:28,957 - INFO - Arquivo encontrato: Motivos.zip
2025-12-11 16:47:28,958 - INFO - Arquivo encontrato: Municipios.zip
2025-12-11 16:47:28,958 - INFO - Arquivo encontrato: Naturezas.zip
2025-12-11 16:47:28,958 - INFO - Arquivo encontrato: Paises.zip
2025-12-11 16:47:28,958 - INFO - Arquivo encontrato: Qualificacoes.zip
2025-12-11 16:47:28,958 - INFO - Arquivo encontrato: Simples.zip
2025-12-11 16:47:28,958 - INFO - Arquivo encontrato: Socios0.zip
2025-12-11 16:47:28,958 - INFO - Arquivo encontrato: Socios1.zip
2025-12-11 16:47:28,958 - INFO - Arquivo encontrato: Socios2.zip
2025-12-11 16:47:28,958 - INFO - Arquivo encontrato: Socios3.zip
2025-12-11 16:47:28,958 - INFO - Arquivo encontrato: Socios4.zip
2025-12-11 16:47:28,958 - INFO - Arquivo encontrato: Socios5.zip
2025-12-11 16:47:28,958 - INFO - Arquivo encontrato: Socios6.zip
2025-12-11 16:47:28,958 - INFO - Arquivo encontrato: Socios7.zip
2025-12-11 16:47:28,958 - INFO - Arquivo encontrato: Socios8.zip
2025-12-11 16:47:28,958 - INFO - Arquivo encontrato: Socios9.zip
2025-12-11 16:47:28,959 - INFO - Iniciando download dos arquivos...
2025-12-11 16:47:29,510 - INFO - Arquivo local não existe: D:\DADOS_RFB\output\Cnaes.zip
2025-12-11 16:47:29,510 - INFO - Baixando: Cnaes.zip
2025-12-11 16:47:30,365 - INFO - Arquivo local não existe: D:\DADOS_RFB\output\Empresas0.zip
2025-12-11 16:47:30,366 - INFO - Baixando: Empresas0.zip
2025-12-11 16:49:15,674 - INFO - Arquivo local não existe: D:\DADOS_RFB\output\Empresas1.zip
2025-12-11 16:49:15,674 - INFO - Baixando: Empresas1.zip
2025-12-11 16:49:33,825 - INFO - Arquivo local não existe: D:\DADOS_RFB\output\Empresas2.zip
2025-12-11 16:49:33,826 - INFO - Baixando: Empresas2.zip
2025-12-11 16:49:51,287 - INFO - Arquivo local não existe: D:\DADOS_RFB\output\Empresas3.zip
2025-12-11 16:49:51,288 - INFO - Baixando: Empresas3.zip
2025-12-11 16:50:11,338 - INFO - Arquivo local não existe: D:\DADOS_RFB\output\Empresas4.zip
2025-12-11 16:50:11,338 - INFO - Baixando: Empresas4.zip
2025-12-11 16:50:32,500 - INFO - Arquivo local não existe: D:\DADOS_RFB\output\Empresas5.zip
2025-12-11 16:50:32,500 - INFO - Baixando: Empresas5.zip
2025-12-11 16:50:54,621 - INFO - Arquivo local não existe: D:\DADOS_RFB\output\Empresas6.zip
2025-12-11 16:50:54,621 - INFO - Baixando: Empresas6.zip
2025-12-11 16:51:16,847 - INFO - Arquivo local não existe: D:\DADOS_RFB\output\Empresas7.zip
2025-12-11 16:51:16,847 - INFO - Baixando: Empresas7.zip
2025-12-11 16:51:40,566 - INFO - Arquivo local não existe: D:\DADOS_RFB\output\Empresas8.zip
2025-12-11 16:51:40,566 - INFO - Baixando: Empresas8.zip
2025-12-11 16:52:02,797 - INFO - Arquivo local não existe: D:\DADOS_RFB\output\Empresas9.zip
2025-12-11 16:52:02,797 - INFO - Baixando: Empresas9.zip
2025-12-11 16:52:25,330 - INFO - Arquivo local não existe: D:\DADOS_RFB\output\Estabelecimentos0.zip
2025-12-11 16:52:25,330 - INFO - Baixando: Estabelecimentos0.zip
2025-12-11 16:59:17,797 - INFO - Arquivo local não existe: D:\DADOS_RFB\output\Estabelecimentos1.zip
2025-12-11 16:59:17,797 - INFO - Baixando: Estabelecimentos1.zip
2025-12-11 17:00:37,574 - INFO - Arquivo local não existe: D:\DADOS_RFB\output\Estabelecimentos2.zip
2025-12-11 17:00:37,574 - INFO - Baixando: Estabelecimentos2.zip
2025-12-11 17:01:57,537 - INFO - Arquivo local não existe: D:\DADOS_RFB\output\Estabelecimentos3.zip
2025-12-11 17:01:57,537 - INFO - Baixando: Estabelecimentos3.zip
2025-12-11 17:03:22,896 - INFO - Arquivo local não existe: D:\DADOS_RFB\output\Estabelecimentos4.zip
2025-12-11 17:03:22,897 - INFO - Baixando: Estabelecimentos4.zip
2025-12-11 17:04:42,611 - INFO - Arquivo local não existe: D:\DADOS_RFB\output\Estabelecimentos5.zip
2025-12-11 17:04:42,612 - INFO - Baixando: Estabelecimentos5.zip
2025-12-11 17:05:58,591 - INFO - Arquivo local não existe: D:\DADOS_RFB\output\Estabelecimentos6.zip
2025-12-11 17:05:58,591 - INFO - Baixando: Estabelecimentos6.zip
2025-12-11 17:07:17,232 - INFO - Arquivo local não existe: D:\DADOS_RFB\output\Estabelecimentos7.zip
2025-12-11 17:07:17,232 - INFO - Baixando: Estabelecimentos7.zip
